c:\users\s162098\desktop\コロコロダッシュ\game\debug\vc140.pdb
c:\users\s162098\desktop\コロコロダッシュ\game\debug\vc140.idb
c:\users\s162098\desktop\コロコロダッシュ\game\debug\resultscene.obj
c:\users\s162098\desktop\コロコロダッシュ\game\debug\cubestage.obj
c:\users\s162098\desktop\コロコロダッシュ\game\debug\enemy.obj
c:\users\s162098\desktop\コロコロダッシュ\game\debug\game.obj
c:\users\s162098\desktop\コロコロダッシュ\game\debug\keyboards.obj
c:\users\s162098\desktop\コロコロダッシュ\game\debug\titlescene.obj
c:\users\s162098\desktop\コロコロダッシュ\game\debug\game.pch
c:\users\s162098\desktop\コロコロダッシュ\game\debug\pch.obj
c:\users\s162098\desktop\コロコロダッシュ\game\debug\limittime.obj
c:\users\s162098\desktop\コロコロダッシュ\game\debug\main.obj
c:\users\s162098\desktop\コロコロダッシュ\game\debug\message.obj
c:\users\s162098\desktop\コロコロダッシュ\game\debug\modeleffect.obj
c:\users\s162098\desktop\コロコロダッシュ\game\debug\obb.obj
c:\users\s162098\desktop\コロコロダッシュ\game\debug\obb2spherecollision.obj
c:\users\s162098\desktop\コロコロダッシュ\game\debug\obbcollision.obj
c:\users\s162098\desktop\コロコロダッシュ\game\debug\obbnode.obj
c:\users\s162098\desktop\コロコロダッシュ\game\debug\object3d.obj
c:\users\s162098\desktop\コロコロダッシュ\game\debug\playscene.obj
c:\users\s162098\desktop\コロコロダッシュ\game\debug\player.obj
c:\users\s162098\desktop\コロコロダッシュ\game\debug\scenemanager.obj
c:\users\s162098\desktop\コロコロダッシュ\game\debug\shield.obj
c:\users\s162098\desktop\コロコロダッシュ\game\debug\spherecollision.obj
c:\users\s162098\desktop\コロコロダッシュ\game\debug\spherenode.obj
c:\users\s162098\desktop\コロコロダッシュ\game\debug\window.obj
c:\users\s162098\desktop\コロコロダッシュ\game\debug\world.obj
c:\users\s162098\desktop\コロコロダッシュ\game\debug\camera.obj
c:\users\s162098\desktop\コロコロダッシュ\game\debug\collisionnode.obj
c:\users\s162098\desktop\コロコロダッシュ\game\debug\cube.obj
c:\users\s162098\desktop\コロコロダッシュ\game\debug\debugcamera.obj
c:\users\s162098\desktop\コロコロダッシュ\game\debug\devices.obj
c:\users\s162098\desktop\コロコロダッシュ\game\debug\fileio.obj
c:\users\s162098\desktop\コロコロダッシュ\game\debug\followcamera.obj
c:\users\s162098\desktop\コロコロダッシュ\game\debug\fontimage.obj
c:\users\s162098\desktop\コロコロダッシュ\game\debug\gamemain.obj
c:\users\s162098\desktop\コロコロダッシュ\game\debug\groundnode.obj
c:\users\s162098\desktop\コロコロダッシュ\game\debug\heart.obj
c:\users\s162098\desktop\コロコロダッシュ\game\debug\keyconvertlist.obj
c:\users\s162098\desktop\コロコロダッシュ\game\debug\shieldsum.obj
c:\users\s162098\desktop\コロコロダッシュ\game\debug\sounds.obj
c:\users\s162098\desktop\コロコロダッシュ\game\debug\directsound.obj
c:\users\s162098\desktop\コロコロダッシュ\game\debug\adx2le.obj
c:\users\s162098\desktop\コロコロダッシュ\game\debug\binaryfile.obj
c:\users\s162098\desktop\コロコロダッシュ\game\debug\particleeffectmanager.obj
c:\users\s162098\desktop\コロコロダッシュ\game\debug\particleinformation.obj
c:\users\s162098\desktop\コロコロダッシュ\game\debug\emitter.obj
c:\users\s162098\desktop\コロコロダッシュ\game\debug\circleemitter.obj
c:\users\s162098\desktop\コロコロダッシュ\game\debug\impactemitter.obj
c:\users\s162098\desktop\コロコロダッシュ\game\debug\overemitter.obj
c:\users\s162098\desktop\コロコロダッシュ\game\resources\shaders\geometryshader.cso
c:\users\s162098\desktop\コロコロダッシュ\game\resources\shaders\pixelshader.cso
c:\users\s162098\desktop\コロコロダッシュ\game\resources\shaders\vertexshader.cso
c:\users\s162098\desktop\コロコロダッシュ\debug\game.lib
c:\users\s162098\desktop\コロコロダッシュ\debug\game.exp
c:\users\s162098\desktop\コロコロダッシュ\debug\game.ilk
c:\users\s162098\desktop\コロコロダッシュ\debug\game.exe
c:\users\s162098\desktop\コロコロダッシュ\debug\game.pdb
c:\users\s162098\desktop\コロコロダッシュ\game\assets\cubeworld.fbm\worldstage.png
c:\users\s162098\desktop\コロコロダッシュ\game\resources\cubeworld.cmo
c:\users\s162098\desktop\コロコロダッシュ\game\resources\_program files (x86)_microsoft visual studio 14.0_common7_ide_extensions_microsoft_vsgraphics_assets_effects_phong.dgsl.cso
c:\users\s162098\desktop\コロコロダッシュ\game\resources\_users_s162098_desktop_コロコロダッシュ_game_assets_cubeworld.fbm_worldstage.png.dds
c:\users\s162098\desktop\コロコロダッシュ\game\resources\effect.cmo
c:\users\s162098\desktop\コロコロダッシュ\game\assets\heart.fbm\heart.png
c:\users\s162098\desktop\コロコロダッシュ\game\resources\heart.cmo
c:\users\s162098\desktop\コロコロダッシュ\game\resources\_users_s162098_desktop_コロコロダッシュ_game_assets_heart.fbm_heart.png.dds
c:\users\s162098\desktop\コロコロダッシュ\game\resources\spheree.cmo
c:\users\s162098\desktop\コロコロダッシュ\game\resources\_users_s162098_desktop_コロコロダッシュ_game_assets_spheree.png.dds
c:\users\s162098\desktop\コロコロダッシュ\game\resources\spherenode.cmo
c:\users\s162098\desktop\コロコロダッシュ\game\resources\spherep.cmo
c:\users\s162098\desktop\コロコロダッシュ\game\resources\_users_s162098_desktop_コロコロダッシュ_game_assets_spherep.png.dds
c:\users\s162098\desktop\コロコロダッシュ\game\assets\cubestage.fbm\stone-tile01.jpg
c:\users\s162098\desktop\コロコロダッシュ\game\resources\cubestage.cmo
c:\users\s162098\desktop\コロコロダッシュ\game\resources\_users_s162098_desktop_コロコロダッシュ_game_assets_cubestage.fbm_stone-tile01.jpg.dds
c:\users\s162098\desktop\コロコロダッシュ\game\debug\game.exe.embed.manifest.res
c:\users\s162098\desktop\コロコロダッシュ\game\debug\resource.res
c:\users\s162098\desktop\コロコロダッシュ\game\debug\cubestagetest.obj
c:\users\s162098\desktop\コロコロダッシュ\game\debug\fileinput.obj
c:\users\s162098\desktop\コロコロダッシュ\game\debug\game.exe.embed.manifest
c:\users\s162098\desktop\コロコロダッシュ\game\debug\game_manifest.rc
c:\users\s162098\desktop\コロコロダッシュ\game\debug\game.tlog\cl.command.1.tlog
c:\users\s162098\desktop\コロコロダッシュ\game\debug\game.tlog\cl.read.1.tlog
c:\users\s162098\desktop\コロコロダッシュ\game\debug\game.tlog\cl.write.1.tlog
c:\users\s162098\desktop\コロコロダッシュ\game\debug\game.tlog\fxc.command.1.tlog
c:\users\s162098\desktop\コロコロダッシュ\game\debug\game.tlog\fxc.read.1.tlog
c:\users\s162098\desktop\コロコロダッシュ\game\debug\game.tlog\fxc.write.1.tlog
c:\users\s162098\desktop\コロコロダッシュ\game\debug\game.tlog\game.write.1u.tlog
c:\users\s162098\desktop\コロコロダッシュ\game\debug\game.tlog\link.command.1.tlog
c:\users\s162098\desktop\コロコロダッシュ\game\debug\game.tlog\link.read.1.tlog
c:\users\s162098\desktop\コロコロダッシュ\game\debug\game.tlog\link.write.1.tlog
c:\users\s162098\desktop\コロコロダッシュ\game\debug\game.tlog\meshcontenttask-vsgraphics.11040.read.1.tlog
c:\users\s162098\desktop\コロコロダッシュ\game\debug\game.tlog\meshcontenttask-vsgraphics.11040.write.1.tlog
c:\users\s162098\desktop\コロコロダッシュ\game\debug\game.tlog\meshcontenttask-vsgraphics.11160.read.1.tlog
c:\users\s162098\desktop\コロコロダッシュ\game\debug\game.tlog\meshcontenttask-vsgraphics.11160.write.1.tlog
c:\users\s162098\desktop\コロコロダッシュ\game\debug\game.tlog\meshcontenttask-vsgraphics.11464.read.1.tlog
c:\users\s162098\desktop\コロコロダッシュ\game\debug\game.tlog\meshcontenttask-vsgraphics.11464.write.1.tlog
c:\users\s162098\desktop\コロコロダッシュ\game\debug\game.tlog\meshcontenttask-vsgraphics.11516.read.1.tlog
c:\users\s162098\desktop\コロコロダッシュ\game\debug\game.tlog\meshcontenttask-vsgraphics.11516.write.1.tlog
c:\users\s162098\desktop\コロコロダッシュ\game\debug\game.tlog\meshcontenttask-vsgraphics.11880.read.1.tlog
c:\users\s162098\desktop\コロコロダッシュ\game\debug\game.tlog\meshcontenttask-vsgraphics.11880.write.1.tlog
c:\users\s162098\desktop\コロコロダッシュ\game\debug\game.tlog\meshcontenttask-vsgraphics.12160.read.1.tlog
c:\users\s162098\desktop\コロコロダッシュ\game\debug\game.tlog\meshcontenttask-vsgraphics.12160.write.1.tlog
c:\users\s162098\desktop\コロコロダッシュ\game\debug\game.tlog\meshcontenttask-vsgraphics.12688.read.1.tlog
c:\users\s162098\desktop\コロコロダッシュ\game\debug\game.tlog\meshcontenttask-vsgraphics.12688.write.1.tlog
c:\users\s162098\desktop\コロコロダッシュ\game\debug\game.tlog\meshcontenttask-vsgraphics.13176.read.1.tlog
c:\users\s162098\desktop\コロコロダッシュ\game\debug\game.tlog\meshcontenttask-vsgraphics.13176.write.1.tlog
c:\users\s162098\desktop\コロコロダッシュ\game\debug\game.tlog\meshcontenttask-vsgraphics.13672.read.1.tlog
c:\users\s162098\desktop\コロコロダッシュ\game\debug\game.tlog\meshcontenttask-vsgraphics.13672.write.1.tlog
c:\users\s162098\desktop\コロコロダッシュ\game\debug\game.tlog\meshcontenttask-vsgraphics.1380.read.1.tlog
c:\users\s162098\desktop\コロコロダッシュ\game\debug\game.tlog\meshcontenttask-vsgraphics.1380.write.1.tlog
c:\users\s162098\desktop\コロコロダッシュ\game\debug\game.tlog\meshcontenttask-vsgraphics.13900.read.1.tlog
c:\users\s162098\desktop\コロコロダッシュ\game\debug\game.tlog\meshcontenttask-vsgraphics.13900.write.1.tlog
c:\users\s162098\desktop\コロコロダッシュ\game\debug\game.tlog\meshcontenttask-vsgraphics.15076.read.1.tlog
c:\users\s162098\desktop\コロコロダッシュ\game\debug\game.tlog\meshcontenttask-vsgraphics.15076.write.1.tlog
c:\users\s162098\desktop\コロコロダッシュ\game\debug\game.tlog\meshcontenttask-vsgraphics.1836.read.1.tlog
c:\users\s162098\desktop\コロコロダッシュ\game\debug\game.tlog\meshcontenttask-vsgraphics.1836.write.1.tlog
c:\users\s162098\desktop\コロコロダッシュ\game\debug\game.tlog\meshcontenttask-vsgraphics.2000.read.1.tlog
c:\users\s162098\desktop\コロコロダッシュ\game\debug\game.tlog\meshcontenttask-vsgraphics.2000.write.1.tlog
c:\users\s162098\desktop\コロコロダッシュ\game\debug\game.tlog\meshcontenttask-vsgraphics.3172.read.1.tlog
c:\users\s162098\desktop\コロコロダッシュ\game\debug\game.tlog\meshcontenttask-vsgraphics.3172.write.1.tlog
c:\users\s162098\desktop\コロコロダッシュ\game\debug\game.tlog\meshcontenttask-vsgraphics.4424.read.1.tlog
c:\users\s162098\desktop\コロコロダッシュ\game\debug\game.tlog\meshcontenttask-vsgraphics.4424.write.1.tlog
c:\users\s162098\desktop\コロコロダッシュ\game\debug\game.tlog\meshcontenttask-vsgraphics.4848.read.1.tlog
c:\users\s162098\desktop\コロコロダッシュ\game\debug\game.tlog\meshcontenttask-vsgraphics.4848.write.1.tlog
c:\users\s162098\desktop\コロコロダッシュ\game\debug\game.tlog\meshcontenttask-vsgraphics.7436.read.1.tlog
c:\users\s162098\desktop\コロコロダッシュ\game\debug\game.tlog\meshcontenttask-vsgraphics.7436.write.1.tlog
c:\users\s162098\desktop\コロコロダッシュ\game\debug\game.tlog\meshcontenttask-vsgraphics.read.1.tlog
c:\users\s162098\desktop\コロコロダッシュ\game\debug\game.tlog\meshcontenttask-vsgraphics.write.1.tlog
c:\users\s162098\desktop\コロコロダッシュ\game\debug\game.tlog\rc.10096.read.1.tlog
c:\users\s162098\desktop\コロコロダッシュ\game\debug\game.tlog\rc.10096.write.1.tlog
c:\users\s162098\desktop\コロコロダッシュ\game\debug\game.tlog\rc.10124.read.1.tlog
c:\users\s162098\desktop\コロコロダッシュ\game\debug\game.tlog\rc.10124.write.1.tlog
c:\users\s162098\desktop\コロコロダッシュ\game\debug\game.tlog\rc.10188.read.1.tlog
c:\users\s162098\desktop\コロコロダッシュ\game\debug\game.tlog\rc.10188.write.1.tlog
c:\users\s162098\desktop\コロコロダッシュ\game\debug\game.tlog\rc.10292.read.1.tlog
c:\users\s162098\desktop\コロコロダッシュ\game\debug\game.tlog\rc.10292.write.1.tlog
c:\users\s162098\desktop\コロコロダッシュ\game\debug\game.tlog\rc.10356.read.1.tlog
c:\users\s162098\desktop\コロコロダッシュ\game\debug\game.tlog\rc.10356.write.1.tlog
c:\users\s162098\desktop\コロコロダッシュ\game\debug\game.tlog\rc.10484.read.1.tlog
c:\users\s162098\desktop\コロコロダッシュ\game\debug\game.tlog\rc.10484.write.1.tlog
c:\users\s162098\desktop\コロコロダッシュ\game\debug\game.tlog\rc.10676.read.1.tlog
c:\users\s162098\desktop\コロコロダッシュ\game\debug\game.tlog\rc.10676.write.1.tlog
c:\users\s162098\desktop\コロコロダッシュ\game\debug\game.tlog\rc.10744.read.1.tlog
c:\users\s162098\desktop\コロコロダッシュ\game\debug\game.tlog\rc.10744.write.1.tlog
c:\users\s162098\desktop\コロコロダッシュ\game\debug\game.tlog\rc.10820.read.1.tlog
c:\users\s162098\desktop\コロコロダッシュ\game\debug\game.tlog\rc.10820.write.1.tlog
c:\users\s162098\desktop\コロコロダッシュ\game\debug\game.tlog\rc.10892.read.1.tlog
c:\users\s162098\desktop\コロコロダッシュ\game\debug\game.tlog\rc.10892.write.1.tlog
c:\users\s162098\desktop\コロコロダッシュ\game\debug\game.tlog\rc.11088.read.1.tlog
c:\users\s162098\desktop\コロコロダッシュ\game\debug\game.tlog\rc.11088.write.1.tlog
c:\users\s162098\desktop\コロコロダッシュ\game\debug\game.tlog\rc.11092.read.1.tlog
c:\users\s162098\desktop\コロコロダッシュ\game\debug\game.tlog\rc.11092.write.1.tlog
c:\users\s162098\desktop\コロコロダッシュ\game\debug\game.tlog\rc.11212.read.1.tlog
c:\users\s162098\desktop\コロコロダッシュ\game\debug\game.tlog\rc.11212.write.1.tlog
c:\users\s162098\desktop\コロコロダッシュ\game\debug\game.tlog\rc.11272.read.1.tlog
c:\users\s162098\desktop\コロコロダッシュ\game\debug\game.tlog\rc.11272.write.1.tlog
c:\users\s162098\desktop\コロコロダッシュ\game\debug\game.tlog\rc.11368.read.1.tlog
c:\users\s162098\desktop\コロコロダッシュ\game\debug\game.tlog\rc.11368.write.1.tlog
c:\users\s162098\desktop\コロコロダッシュ\game\debug\game.tlog\rc.11372.read.1.tlog
c:\users\s162098\desktop\コロコロダッシュ\game\debug\game.tlog\rc.11372.write.1.tlog
c:\users\s162098\desktop\コロコロダッシュ\game\debug\game.tlog\rc.11392.read.1.tlog
c:\users\s162098\desktop\コロコロダッシュ\game\debug\game.tlog\rc.11392.write.1.tlog
c:\users\s162098\desktop\コロコロダッシュ\game\debug\game.tlog\rc.11688.read.1.tlog
c:\users\s162098\desktop\コロコロダッシュ\game\debug\game.tlog\rc.11688.write.1.tlog
c:\users\s162098\desktop\コロコロダッシュ\game\debug\game.tlog\rc.11696.read.1.tlog
c:\users\s162098\desktop\コロコロダッシュ\game\debug\game.tlog\rc.11696.write.1.tlog
c:\users\s162098\desktop\コロコロダッシュ\game\debug\game.tlog\rc.11776.read.1.tlog
c:\users\s162098\desktop\コロコロダッシュ\game\debug\game.tlog\rc.11776.write.1.tlog
c:\users\s162098\desktop\コロコロダッシュ\game\debug\game.tlog\rc.12556.read.1.tlog
c:\users\s162098\desktop\コロコロダッシュ\game\debug\game.tlog\rc.12556.write.1.tlog
c:\users\s162098\desktop\コロコロダッシュ\game\debug\game.tlog\rc.12592.read.1.tlog
c:\users\s162098\desktop\コロコロダッシュ\game\debug\game.tlog\rc.12592.write.1.tlog
c:\users\s162098\desktop\コロコロダッシュ\game\debug\game.tlog\rc.12660.read.1.tlog
c:\users\s162098\desktop\コロコロダッシュ\game\debug\game.tlog\rc.12660.write.1.tlog
c:\users\s162098\desktop\コロコロダッシュ\game\debug\game.tlog\rc.12804.read.1.tlog
c:\users\s162098\desktop\コロコロダッシュ\game\debug\game.tlog\rc.12804.write.1.tlog
c:\users\s162098\desktop\コロコロダッシュ\game\debug\game.tlog\rc.12844.read.1.tlog
c:\users\s162098\desktop\コロコロダッシュ\game\debug\game.tlog\rc.12844.write.1.tlog
c:\users\s162098\desktop\コロコロダッシュ\game\debug\game.tlog\rc.1312.read.1.tlog
c:\users\s162098\desktop\コロコロダッシュ\game\debug\game.tlog\rc.1312.write.1.tlog
c:\users\s162098\desktop\コロコロダッシュ\game\debug\game.tlog\rc.13184.read.1.tlog
c:\users\s162098\desktop\コロコロダッシュ\game\debug\game.tlog\rc.13184.write.1.tlog
c:\users\s162098\desktop\コロコロダッシュ\game\debug\game.tlog\rc.1324.read.1.tlog
c:\users\s162098\desktop\コロコロダッシュ\game\debug\game.tlog\rc.1324.write.1.tlog
c:\users\s162098\desktop\コロコロダッシュ\game\debug\game.tlog\rc.13376.read.1.tlog
c:\users\s162098\desktop\コロコロダッシュ\game\debug\game.tlog\rc.13376.write.1.tlog
c:\users\s162098\desktop\コロコロダッシュ\game\debug\game.tlog\rc.13436.read.1.tlog
c:\users\s162098\desktop\コロコロダッシュ\game\debug\game.tlog\rc.13436.write.1.tlog
c:\users\s162098\desktop\コロコロダッシュ\game\debug\game.tlog\rc.13724.read.1.tlog
c:\users\s162098\desktop\コロコロダッシュ\game\debug\game.tlog\rc.13724.write.1.tlog
c:\users\s162098\desktop\コロコロダッシュ\game\debug\game.tlog\rc.13932.read.1.tlog
c:\users\s162098\desktop\コロコロダッシュ\game\debug\game.tlog\rc.13932.write.1.tlog
c:\users\s162098\desktop\コロコロダッシュ\game\debug\game.tlog\rc.14052.read.1.tlog
c:\users\s162098\desktop\コロコロダッシュ\game\debug\game.tlog\rc.14052.write.1.tlog
c:\users\s162098\desktop\コロコロダッシュ\game\debug\game.tlog\rc.14060.read.1.tlog
c:\users\s162098\desktop\コロコロダッシュ\game\debug\game.tlog\rc.14060.write.1.tlog
c:\users\s162098\desktop\コロコロダッシュ\game\debug\game.tlog\rc.14160.read.1.tlog
c:\users\s162098\desktop\コロコロダッシュ\game\debug\game.tlog\rc.14160.write.1.tlog
c:\users\s162098\desktop\コロコロダッシュ\game\debug\game.tlog\rc.14304.read.1.tlog
c:\users\s162098\desktop\コロコロダッシュ\game\debug\game.tlog\rc.14304.write.1.tlog
c:\users\s162098\desktop\コロコロダッシュ\game\debug\game.tlog\rc.14368.read.1.tlog
c:\users\s162098\desktop\コロコロダッシュ\game\debug\game.tlog\rc.14368.write.1.tlog
c:\users\s162098\desktop\コロコロダッシュ\game\debug\game.tlog\rc.14396.read.1.tlog
c:\users\s162098\desktop\コロコロダッシュ\game\debug\game.tlog\rc.14396.write.1.tlog
c:\users\s162098\desktop\コロコロダッシュ\game\debug\game.tlog\rc.14448.read.1.tlog
c:\users\s162098\desktop\コロコロダッシュ\game\debug\game.tlog\rc.14448.write.1.tlog
c:\users\s162098\desktop\コロコロダッシュ\game\debug\game.tlog\rc.14516.read.1.tlog
c:\users\s162098\desktop\コロコロダッシュ\game\debug\game.tlog\rc.14516.write.1.tlog
c:\users\s162098\desktop\コロコロダッシュ\game\debug\game.tlog\rc.14520.read.1.tlog
c:\users\s162098\desktop\コロコロダッシュ\game\debug\game.tlog\rc.14520.write.1.tlog
c:\users\s162098\desktop\コロコロダッシュ\game\debug\game.tlog\rc.14676.read.1.tlog
c:\users\s162098\desktop\コロコロダッシュ\game\debug\game.tlog\rc.14676.write.1.tlog
c:\users\s162098\desktop\コロコロダッシュ\game\debug\game.tlog\rc.1468.read.1.tlog
c:\users\s162098\desktop\コロコロダッシュ\game\debug\game.tlog\rc.1468.write.1.tlog
c:\users\s162098\desktop\コロコロダッシュ\game\debug\game.tlog\rc.14724.read.1.tlog
c:\users\s162098\desktop\コロコロダッシュ\game\debug\game.tlog\rc.14724.write.1.tlog
c:\users\s162098\desktop\コロコロダッシュ\game\debug\game.tlog\rc.14748.read.1.tlog
c:\users\s162098\desktop\コロコロダッシュ\game\debug\game.tlog\rc.14748.write.1.tlog
c:\users\s162098\desktop\コロコロダッシュ\game\debug\game.tlog\rc.14784.read.1.tlog
c:\users\s162098\desktop\コロコロダッシュ\game\debug\game.tlog\rc.14784.write.1.tlog
c:\users\s162098\desktop\コロコロダッシュ\game\debug\game.tlog\rc.14792.read.1.tlog
c:\users\s162098\desktop\コロコロダッシュ\game\debug\game.tlog\rc.14792.write.1.tlog
c:\users\s162098\desktop\コロコロダッシュ\game\debug\game.tlog\rc.14956.read.1.tlog
c:\users\s162098\desktop\コロコロダッシュ\game\debug\game.tlog\rc.14956.write.1.tlog
c:\users\s162098\desktop\コロコロダッシュ\game\debug\game.tlog\rc.14992.read.1.tlog
c:\users\s162098\desktop\コロコロダッシュ\game\debug\game.tlog\rc.14992.write.1.tlog
c:\users\s162098\desktop\コロコロダッシュ\game\debug\game.tlog\rc.15124.read.1.tlog
c:\users\s162098\desktop\コロコロダッシュ\game\debug\game.tlog\rc.15124.write.1.tlog
c:\users\s162098\desktop\コロコロダッシュ\game\debug\game.tlog\rc.15192.read.1.tlog
c:\users\s162098\desktop\コロコロダッシュ\game\debug\game.tlog\rc.15192.write.1.tlog
c:\users\s162098\desktop\コロコロダッシュ\game\debug\game.tlog\rc.15212.read.1.tlog
c:\users\s162098\desktop\コロコロダッシュ\game\debug\game.tlog\rc.15212.write.1.tlog
c:\users\s162098\desktop\コロコロダッシュ\game\debug\game.tlog\rc.15216.read.1.tlog
c:\users\s162098\desktop\コロコロダッシュ\game\debug\game.tlog\rc.15216.write.1.tlog
c:\users\s162098\desktop\コロコロダッシュ\game\debug\game.tlog\rc.15324.read.1.tlog
c:\users\s162098\desktop\コロコロダッシュ\game\debug\game.tlog\rc.15324.write.1.tlog
c:\users\s162098\desktop\コロコロダッシュ\game\debug\game.tlog\rc.1536.read.1.tlog
c:\users\s162098\desktop\コロコロダッシュ\game\debug\game.tlog\rc.1536.write.1.tlog
c:\users\s162098\desktop\コロコロダッシュ\game\debug\game.tlog\rc.1892.read.1.tlog
c:\users\s162098\desktop\コロコロダッシュ\game\debug\game.tlog\rc.1892.write.1.tlog
c:\users\s162098\desktop\コロコロダッシュ\game\debug\game.tlog\rc.1924.read.1.tlog
c:\users\s162098\desktop\コロコロダッシュ\game\debug\game.tlog\rc.1924.write.1.tlog
c:\users\s162098\desktop\コロコロダッシュ\game\debug\game.tlog\rc.2480.read.1.tlog
c:\users\s162098\desktop\コロコロダッシュ\game\debug\game.tlog\rc.2480.write.1.tlog
c:\users\s162098\desktop\コロコロダッシュ\game\debug\game.tlog\rc.2548.read.1.tlog
c:\users\s162098\desktop\コロコロダッシュ\game\debug\game.tlog\rc.2548.write.1.tlog
c:\users\s162098\desktop\コロコロダッシュ\game\debug\game.tlog\rc.2672.read.1.tlog
c:\users\s162098\desktop\コロコロダッシュ\game\debug\game.tlog\rc.2672.write.1.tlog
c:\users\s162098\desktop\コロコロダッシュ\game\debug\game.tlog\rc.2696.read.1.tlog
c:\users\s162098\desktop\コロコロダッシュ\game\debug\game.tlog\rc.2696.write.1.tlog
c:\users\s162098\desktop\コロコロダッシュ\game\debug\game.tlog\rc.2880.read.1.tlog
c:\users\s162098\desktop\コロコロダッシュ\game\debug\game.tlog\rc.2880.write.1.tlog
c:\users\s162098\desktop\コロコロダッシュ\game\debug\game.tlog\rc.2884.read.1.tlog
c:\users\s162098\desktop\コロコロダッシュ\game\debug\game.tlog\rc.2884.write.1.tlog
c:\users\s162098\desktop\コロコロダッシュ\game\debug\game.tlog\rc.2892.read.1.tlog
c:\users\s162098\desktop\コロコロダッシュ\game\debug\game.tlog\rc.2892.write.1.tlog
c:\users\s162098\desktop\コロコロダッシュ\game\debug\game.tlog\rc.3080.read.1.tlog
c:\users\s162098\desktop\コロコロダッシュ\game\debug\game.tlog\rc.3080.write.1.tlog
c:\users\s162098\desktop\コロコロダッシュ\game\debug\game.tlog\rc.3244.read.1.tlog
c:\users\s162098\desktop\コロコロダッシュ\game\debug\game.tlog\rc.3244.write.1.tlog
c:\users\s162098\desktop\コロコロダッシュ\game\debug\game.tlog\rc.3292.read.1.tlog
c:\users\s162098\desktop\コロコロダッシュ\game\debug\game.tlog\rc.3292.write.1.tlog
c:\users\s162098\desktop\コロコロダッシュ\game\debug\game.tlog\rc.3688.read.1.tlog
c:\users\s162098\desktop\コロコロダッシュ\game\debug\game.tlog\rc.3688.write.1.tlog
c:\users\s162098\desktop\コロコロダッシュ\game\debug\game.tlog\rc.3948.read.1.tlog
c:\users\s162098\desktop\コロコロダッシュ\game\debug\game.tlog\rc.3948.write.1.tlog
c:\users\s162098\desktop\コロコロダッシュ\game\debug\game.tlog\rc.4072.read.1.tlog
c:\users\s162098\desktop\コロコロダッシュ\game\debug\game.tlog\rc.4072.write.1.tlog
c:\users\s162098\desktop\コロコロダッシュ\game\debug\game.tlog\rc.4164.read.1.tlog
c:\users\s162098\desktop\コロコロダッシュ\game\debug\game.tlog\rc.4164.write.1.tlog
c:\users\s162098\desktop\コロコロダッシュ\game\debug\game.tlog\rc.4916.read.1.tlog
c:\users\s162098\desktop\コロコロダッシュ\game\debug\game.tlog\rc.4916.write.1.tlog
c:\users\s162098\desktop\コロコロダッシュ\game\debug\game.tlog\rc.5736.read.1.tlog
c:\users\s162098\desktop\コロコロダッシュ\game\debug\game.tlog\rc.5736.write.1.tlog
c:\users\s162098\desktop\コロコロダッシュ\game\debug\game.tlog\rc.6116.read.1.tlog
c:\users\s162098\desktop\コロコロダッシュ\game\debug\game.tlog\rc.6116.write.1.tlog
c:\users\s162098\desktop\コロコロダッシュ\game\debug\game.tlog\rc.6152.read.1.tlog
c:\users\s162098\desktop\コロコロダッシュ\game\debug\game.tlog\rc.6152.write.1.tlog
c:\users\s162098\desktop\コロコロダッシュ\game\debug\game.tlog\rc.6640.read.1.tlog
c:\users\s162098\desktop\コロコロダッシュ\game\debug\game.tlog\rc.6640.write.1.tlog
c:\users\s162098\desktop\コロコロダッシュ\game\debug\game.tlog\rc.6648.read.1.tlog
c:\users\s162098\desktop\コロコロダッシュ\game\debug\game.tlog\rc.6648.write.1.tlog
c:\users\s162098\desktop\コロコロダッシュ\game\debug\game.tlog\rc.6652.read.1.tlog
c:\users\s162098\desktop\コロコロダッシュ\game\debug\game.tlog\rc.6652.write.1.tlog
c:\users\s162098\desktop\コロコロダッシュ\game\debug\game.tlog\rc.6996.read.1.tlog
c:\users\s162098\desktop\コロコロダッシュ\game\debug\game.tlog\rc.6996.write.1.tlog
c:\users\s162098\desktop\コロコロダッシュ\game\debug\game.tlog\rc.7212.read.1.tlog
c:\users\s162098\desktop\コロコロダッシュ\game\debug\game.tlog\rc.7212.write.1.tlog
c:\users\s162098\desktop\コロコロダッシュ\game\debug\game.tlog\rc.7392.read.1.tlog
c:\users\s162098\desktop\コロコロダッシュ\game\debug\game.tlog\rc.7392.write.1.tlog
c:\users\s162098\desktop\コロコロダッシュ\game\debug\game.tlog\rc.756.read.1.tlog
c:\users\s162098\desktop\コロコロダッシュ\game\debug\game.tlog\rc.756.write.1.tlog
c:\users\s162098\desktop\コロコロダッシュ\game\debug\game.tlog\rc.7680.read.1.tlog
c:\users\s162098\desktop\コロコロダッシュ\game\debug\game.tlog\rc.7680.write.1.tlog
c:\users\s162098\desktop\コロコロダッシュ\game\debug\game.tlog\rc.7696.read.1.tlog
c:\users\s162098\desktop\コロコロダッシュ\game\debug\game.tlog\rc.7696.write.1.tlog
c:\users\s162098\desktop\コロコロダッシュ\game\debug\game.tlog\rc.7776.read.1.tlog
c:\users\s162098\desktop\コロコロダッシュ\game\debug\game.tlog\rc.7776.write.1.tlog
c:\users\s162098\desktop\コロコロダッシュ\game\debug\game.tlog\rc.7864.read.1.tlog
c:\users\s162098\desktop\コロコロダッシュ\game\debug\game.tlog\rc.7864.write.1.tlog
c:\users\s162098\desktop\コロコロダッシュ\game\debug\game.tlog\rc.7980.read.1.tlog
c:\users\s162098\desktop\コロコロダッシュ\game\debug\game.tlog\rc.7980.write.1.tlog
c:\users\s162098\desktop\コロコロダッシュ\game\debug\game.tlog\rc.8012.read.1.tlog
c:\users\s162098\desktop\コロコロダッシュ\game\debug\game.tlog\rc.8012.write.1.tlog
c:\users\s162098\desktop\コロコロダッシュ\game\debug\game.tlog\rc.8060.read.1.tlog
c:\users\s162098\desktop\コロコロダッシュ\game\debug\game.tlog\rc.8060.write.1.tlog
c:\users\s162098\desktop\コロコロダッシュ\game\debug\game.tlog\rc.8096.read.1.tlog
c:\users\s162098\desktop\コロコロダッシュ\game\debug\game.tlog\rc.8096.write.1.tlog
c:\users\s162098\desktop\コロコロダッシュ\game\debug\game.tlog\rc.8132.read.1.tlog
c:\users\s162098\desktop\コロコロダッシュ\game\debug\game.tlog\rc.8132.write.1.tlog
c:\users\s162098\desktop\コロコロダッシュ\game\debug\game.tlog\rc.8164.read.1.tlog
c:\users\s162098\desktop\コロコロダッシュ\game\debug\game.tlog\rc.8164.write.1.tlog
c:\users\s162098\desktop\コロコロダッシュ\game\debug\game.tlog\rc.8536.read.1.tlog
c:\users\s162098\desktop\コロコロダッシュ\game\debug\game.tlog\rc.8536.write.1.tlog
c:\users\s162098\desktop\コロコロダッシュ\game\debug\game.tlog\rc.8672.read.1.tlog
c:\users\s162098\desktop\コロコロダッシュ\game\debug\game.tlog\rc.8672.write.1.tlog
c:\users\s162098\desktop\コロコロダッシュ\game\debug\game.tlog\rc.8680.read.1.tlog
c:\users\s162098\desktop\コロコロダッシュ\game\debug\game.tlog\rc.8680.write.1.tlog
c:\users\s162098\desktop\コロコロダッシュ\game\debug\game.tlog\rc.8704.read.1.tlog
c:\users\s162098\desktop\コロコロダッシュ\game\debug\game.tlog\rc.8704.write.1.tlog
c:\users\s162098\desktop\コロコロダッシュ\game\debug\game.tlog\rc.8828.read.1.tlog
c:\users\s162098\desktop\コロコロダッシュ\game\debug\game.tlog\rc.8828.write.1.tlog
c:\users\s162098\desktop\コロコロダッシュ\game\debug\game.tlog\rc.8856.read.1.tlog
c:\users\s162098\desktop\コロコロダッシュ\game\debug\game.tlog\rc.8856.write.1.tlog
c:\users\s162098\desktop\コロコロダッシュ\game\debug\game.tlog\rc.8860.read.1.tlog
c:\users\s162098\desktop\コロコロダッシュ\game\debug\game.tlog\rc.8860.write.1.tlog
c:\users\s162098\desktop\コロコロダッシュ\game\debug\game.tlog\rc.8864.read.1.tlog
c:\users\s162098\desktop\コロコロダッシュ\game\debug\game.tlog\rc.8864.write.1.tlog
c:\users\s162098\desktop\コロコロダッシュ\game\debug\game.tlog\rc.8868.read.1.tlog
c:\users\s162098\desktop\コロコロダッシュ\game\debug\game.tlog\rc.8868.write.1.tlog
c:\users\s162098\desktop\コロコロダッシュ\game\debug\game.tlog\rc.8940.read.1.tlog
c:\users\s162098\desktop\コロコロダッシュ\game\debug\game.tlog\rc.8940.write.1.tlog
c:\users\s162098\desktop\コロコロダッシュ\game\debug\game.tlog\rc.9028.read.1.tlog
c:\users\s162098\desktop\コロコロダッシュ\game\debug\game.tlog\rc.9028.write.1.tlog
c:\users\s162098\desktop\コロコロダッシュ\game\debug\game.tlog\rc.9124.read.1.tlog
c:\users\s162098\desktop\コロコロダッシュ\game\debug\game.tlog\rc.9124.write.1.tlog
c:\users\s162098\desktop\コロコロダッシュ\game\debug\game.tlog\rc.9172.read.1.tlog
c:\users\s162098\desktop\コロコロダッシュ\game\debug\game.tlog\rc.9172.write.1.tlog
c:\users\s162098\desktop\コロコロダッシュ\game\debug\game.tlog\rc.9868.read.1.tlog
c:\users\s162098\desktop\コロコロダッシュ\game\debug\game.tlog\rc.9868.write.1.tlog
c:\users\s162098\desktop\コロコロダッシュ\game\debug\game.tlog\rc.command.1.tlog
c:\users\s162098\desktop\コロコロダッシュ\game\debug\game.tlog\rc.read.1.tlog
c:\users\s162098\desktop\コロコロダッシュ\game\debug\game.tlog\rc.write.1.tlog
